{"uid":"f6c20228d6a7e5b","name":"test_sign_in","fullName":"tests.tests_steps.TestLogin#test_sign_in","historyId":"a28f80698ec58b65cf2efa4e95e9634a","time":{"start":1659468842391,"stop":1659468845835,"duration":3444},"status":"failed","statusMessage":"AssertionError","statusTrace":"self = <tests_steps.TestLogin object at 0x7f32bcccf4f0>\n\n    def test_sign_in(self):\n        sign_in = SignInPage()\n        sign_in.login()\n        sign_in.sendEmail()\n        sign_in.clickButtonContinue()\n>       sign_in.examination()\n\ntests/tests_steps.py:14: \n_ _ _ _ _ _ _ _ _ _ _ _ _ _ _ _ _ _ _ _ _ _ _ _ _ _ _ _ _ _ _ _ _ _ _ _ _ _ _ _ \n\nself = <pages.SignInPage.SignInPage object at 0x7f32bcb5d090>\n\n    @allure.step('Examination')\n    def examination(self):\n>       assert 1 == 2\nE       AssertionError\n\npages/SignInPage.py:28: AssertionError","flaky":false,"newFailed":false,"newBroken":false,"newPassed":false,"retriesCount":0,"retriesStatusChange":false,"beforeStages":[{"name":"start_session","time":{"start":1659468837020,"stop":1659468842387,"duration":5367},"status":"passed","steps":[],"attachments":[],"parameters":[],"stepsCount":0,"attachmentsCount":0,"shouldDisplayMessage":false,"hasContent":false}],"testStage":{"status":"failed","statusMessage":"AssertionError","statusTrace":"self = <tests_steps.TestLogin object at 0x7f32bcccf4f0>\n\n    def test_sign_in(self):\n        sign_in = SignInPage()\n        sign_in.login()\n        sign_in.sendEmail()\n        sign_in.clickButtonContinue()\n>       sign_in.examination()\n\ntests/tests_steps.py:14: \n_ _ _ _ _ _ _ _ _ _ _ _ _ _ _ _ _ _ _ _ _ _ _ _ _ _ _ _ _ _ _ _ _ _ _ _ _ _ _ _ \n\nself = <pages.SignInPage.SignInPage object at 0x7f32bcb5d090>\n\n    @allure.step('Examination')\n    def examination(self):\n>       assert 1 == 2\nE       AssertionError\n\npages/SignInPage.py:28: AssertionError","steps":[{"name":"Go to Sign In","time":{"start":1659468842391,"stop":1659468845300,"duration":2909},"status":"passed","steps":[],"attachments":[],"parameters":[],"stepsCount":0,"attachmentsCount":0,"shouldDisplayMessage":false,"hasContent":false},{"name":"Send Username","time":{"start":1659468845300,"stop":1659468845399,"duration":99},"status":"passed","steps":[],"attachments":[],"parameters":[],"stepsCount":0,"attachmentsCount":0,"shouldDisplayMessage":false,"hasContent":false},{"name":"Click Button Continue","time":{"start":1659468845399,"stop":1659468845834,"duration":435},"status":"passed","steps":[],"attachments":[],"parameters":[],"stepsCount":0,"attachmentsCount":0,"shouldDisplayMessage":false,"hasContent":false},{"name":"Examination","time":{"start":1659468845834,"stop":1659468845834,"duration":0},"status":"failed","statusMessage":"AssertionError\n","statusTrace":"  File \"/opt/hostedtoolcache/Python/3.10.5/x64/lib/python3.10/site-packages/allure_commons/_allure.py\", line 172, in impl\n    return func(*a, **kw)\n  File \"/home/runner/work/autotetsamazon/autotetsamazon/pages/SignInPage.py\", line 28, in examination\n    assert 1 == 2\n","steps":[],"attachments":[],"parameters":[],"stepsCount":0,"attachmentsCount":0,"shouldDisplayMessage":true,"hasContent":true}],"attachments":[{"uid":"20905d4d94e52cab","name":"Current URL","source":"20905d4d94e52cab.uri","type":"text/uri-list","size":22},{"uid":"4e0f78a532078174","name":"Screenshot","source":"4e0f78a532078174.png","type":"image/png","size":42264}],"parameters":[],"stepsCount":4,"attachmentsCount":2,"shouldDisplayMessage":true,"hasContent":true},"afterStages":[{"name":"start_session::0","time":{"start":1659468846048,"stop":1659468846112,"duration":64},"status":"passed","steps":[],"attachments":[],"parameters":[],"stepsCount":0,"attachmentsCount":0,"shouldDisplayMessage":false,"hasContent":false}],"labels":[{"name":"tag","value":"@pytest.mark.usefixtures('start_session')"},{"name":"parentSuite","value":"tests"},{"name":"suite","value":"tests_steps"},{"name":"subSuite","value":"TestLogin"},{"name":"host","value":"fv-az502-153"},{"name":"thread","value":"2452-MainThread"},{"name":"framework","value":"pytest"},{"name":"language","value":"cpython3"},{"name":"package","value":"tests.tests_steps"},{"name":"resultFormat","value":"allure2"}],"parameters":[],"links":[],"hidden":false,"retry":false,"extra":{"severity":"normal","retries":[],"categories":[{"name":"Product defects","matchedStatuses":[],"flaky":false}],"history":{"statistic":{"failed":2,"broken":2,"skipped":0,"passed":0,"unknown":0,"total":4},"items":[{"uid":"c6655befb29d380a","reportUrl":"https://Spirlhark.github.io/autotetsamazon/3//#testresult/c6655befb29d380a","status":"failed","statusDetails":"AssertionError","time":{"start":1659460410199,"stop":1659460412370,"duration":2171}},{"uid":"3d4b7668e0eb4599","reportUrl":"https://Spirlhark.github.io/autotetsamazon/2//#testresult/3d4b7668e0eb4599","status":"broken","statusDetails":"selenium.common.exceptions.WebDriverException: Message: unknown error: Chrome failed to start: exited abnormally.\n  (unknown error: DevToolsActivePort file doesn't exist)\n  (The process started from chrome location /usr/bin/google-chrome is no longer running, so ChromeDriver is assuming that Chrome has crashed.)\nStacktrace:\n#0 0x56287ca00cd3 <unknown>\n#1 0x56287c808968 <unknown>\n#2 0x56287c82d25c <unknown>\n#3 0x56287c8288fa <unknown>\n#4 0x56287c86394a <unknown>\n#5 0x56287c85daa3 <unknown>\n#6 0x56287c8333fa <unknown>\n#7 0x56287c834555 <unknown>\n#8 0x56287ca482bd <unknown>\n#9 0x56287ca4c418 <unknown>\n#10 0x56287ca3236e <unknown>\n#11 0x56287ca4d078 <unknown>\n#12 0x56287ca26bb0 <unknown>\n#13 0x56287ca69d58 <unknown>\n#14 0x56287ca69ed8 <unknown>\n#15 0x56287ca83cfd <unknown>\n#16 0x7f1dac9a8609 <unknown>","time":{"start":1659439719918,"stop":1659439719918,"duration":0}},{"uid":"46c722dd03539c47","reportUrl":"https://Spirlhark.github.io/autotetsamazon/1//#testresult/46c722dd03539c47","status":"broken","statusDetails":"selenium.common.exceptions.WebDriverException: Message: unknown error: Chrome failed to start: exited abnormally.\n  (unknown error: DevToolsActivePort file doesn't exist)\n  (The process started from chrome location /usr/bin/google-chrome is no longer running, so ChromeDriver is assuming that Chrome has crashed.)\nStacktrace:\n#0 0x55bea1a80cd3 <unknown>\n#1 0x55bea1888968 <unknown>\n#2 0x55bea18ad25c <unknown>\n#3 0x55bea18a88fa <unknown>\n#4 0x55bea18e394a <unknown>\n#5 0x55bea18ddaa3 <unknown>\n#6 0x55bea18b33fa <unknown>\n#7 0x55bea18b4555 <unknown>\n#8 0x55bea1ac82bd <unknown>\n#9 0x55bea1acc418 <unknown>\n#10 0x55bea1ab236e <unknown>\n#11 0x55bea1acd078 <unknown>\n#12 0x55bea1aa6bb0 <unknown>\n#13 0x55bea1ae9d58 <unknown>\n#14 0x55bea1ae9ed8 <unknown>\n#15 0x55bea1b03cfd <unknown>\n#16 0x7f33dc446609 <unknown>","time":{"start":1659438872380,"stop":1659438872380,"duration":0}}]},"tags":["@pytest.mark.usefixtures('start_session')"]},"source":"f6c20228d6a7e5b.json","parameterValues":[]}