{"uid":"590772b94e7112cd","name":"test_scenario_2","fullName":"tests.tests_steps.TestScenario2#test_scenario_2","historyId":"88ef5f6a5e472d2bec247113866f6101","time":{"start":1661951265922,"stop":1661951294519,"duration":28597},"status":"broken","statusMessage":"selenium.common.exceptions.NoSuchElementException: Message: no such element: Unable to locate element: {\"method\":\"xpath\",\"selector\":\"//*[@id=\"octopus-dlp-asin-stream\"]/ul/li[1]\"}\n  (Session info: headless chrome=104.0.5112.101)\nStacktrace:\n#0 0x55e279139403 <unknown>\n#1 0x55e278f3f778 <unknown>\n#2 0x55e278f76c87 <unknown>\n#3 0x55e278f76e51 <unknown>\n#4 0x55e278fa9f24 <unknown>\n#5 0x55e278f94a2d <unknown>\n#6 0x55e278fa7c74 <unknown>\n#7 0x55e278f948f3 <unknown>\n#8 0x55e278f6a0d8 <unknown>\n#9 0x55e278f6b205 <unknown>\n#10 0x55e279180e3d <unknown>\n#11 0x55e279183db6 <unknown>\n#12 0x55e27916a13e <unknown>\n#13 0x55e2791849b5 <unknown>\n#14 0x55e27915e970 <unknown>\n#15 0x55e2791a1228 <unknown>\n#16 0x55e2791a13bf <unknown>\n#17 0x55e2791bbabe <unknown>\n#18 0x7f13384c7609 <unknown>","statusTrace":"self = <tests_steps.TestScenario2 object at 0x7f088bb89300>\n\n    def test_scenario_2(self):\n        test_scenario_2 = Scenario_Two()\n        test_scenario_2.gotoTodaysDeals()\n        test_scenario_2.clickOnCategory()\n>       test_scenario_2.clickElement()\n\ntests/tests_steps.py:23: \n_ _ _ _ _ _ _ _ _ _ _ _ _ _ _ _ _ _ _ _ _ _ _ _ _ _ _ _ _ _ _ _ _ _ _ _ _ _ _ _ \npages/Scenario2.py:41: in clickElement\n    self.find_element(*self.locator_dictionary['buttonElements']).click()\npages/BasePage.py:14: in find_element\n    return self.browser.find_element(*loc)\n/opt/hostedtoolcache/Python/3.10.6/x64/lib/python3.10/site-packages/selenium/webdriver/remote/webdriver.py:857: in find_element\n    return self.execute(Command.FIND_ELEMENT, {\n/opt/hostedtoolcache/Python/3.10.6/x64/lib/python3.10/site-packages/selenium/webdriver/remote/webdriver.py:435: in execute\n    self.error_handler.check_response(response)\n_ _ _ _ _ _ _ _ _ _ _ _ _ _ _ _ _ _ _ _ _ _ _ _ _ _ _ _ _ _ _ _ _ _ _ _ _ _ _ _ \n\nself = <selenium.webdriver.remote.errorhandler.ErrorHandler object at 0x7f088bb89c30>\nresponse = {'status': 404, 'value': '{\"value\":{\"error\":\"no such element\",\"message\":\"no such element: Unable to locate element: {\\...\\\\n#16 0x55e2791a13bf \\\\u003Cunknown>\\\\n#17 0x55e2791bbabe \\\\u003Cunknown>\\\\n#18 0x7f13384c7609 \\\\u003Cunknown>\\\\n\"}}'}\n\n    def check_response(self, response: Dict[str, Any]) -> None:\n        \"\"\"\n        Checks that a JSON response from the WebDriver does not have an error.\n    \n        :Args:\n         - response - The JSON response from the WebDriver server as a dictionary\n           object.\n    \n        :Raises: If the response contains an error message.\n        \"\"\"\n        status = response.get('status', None)\n        if not status or status == ErrorCode.SUCCESS:\n            return\n        value = None\n        message = response.get(\"message\", \"\")\n        screen: str = response.get(\"screen\", \"\")\n        stacktrace = None\n        if isinstance(status, int):\n            value_json = response.get('value', None)\n            if value_json and isinstance(value_json, str):\n                import json\n                try:\n                    value = json.loads(value_json)\n                    if len(value.keys()) == 1:\n                        value = value['value']\n                    status = value.get('error', None)\n                    if not status:\n                        status = value.get(\"status\", ErrorCode.UNKNOWN_ERROR)\n                        message = value.get(\"value\") or value.get(\"message\")\n                        if not isinstance(message, str):\n                            value = message\n                            message = message.get('message')\n                    else:\n                        message = value.get('message', None)\n                except ValueError:\n                    pass\n    \n        exception_class: Type[WebDriverException]\n        if status in ErrorCode.NO_SUCH_ELEMENT:\n            exception_class = NoSuchElementException\n        elif status in ErrorCode.NO_SUCH_FRAME:\n            exception_class = NoSuchFrameException\n        elif status in ErrorCode.NO_SUCH_SHADOW_ROOT:\n            exception_class = NoSuchShadowRootException\n        elif status in ErrorCode.NO_SUCH_WINDOW:\n            exception_class = NoSuchWindowException\n        elif status in ErrorCode.STALE_ELEMENT_REFERENCE:\n            exception_class = StaleElementReferenceException\n        elif status in ErrorCode.ELEMENT_NOT_VISIBLE:\n            exception_class = ElementNotVisibleException\n        elif status in ErrorCode.INVALID_ELEMENT_STATE:\n            exception_class = InvalidElementStateException\n        elif status in ErrorCode.INVALID_SELECTOR \\\n                or status in ErrorCode.INVALID_XPATH_SELECTOR \\\n                or status in ErrorCode.INVALID_XPATH_SELECTOR_RETURN_TYPER:\n            exception_class = InvalidSelectorException\n        elif status in ErrorCode.ELEMENT_IS_NOT_SELECTABLE:\n            exception_class = ElementNotSelectableException\n        elif status in ErrorCode.ELEMENT_NOT_INTERACTABLE:\n            exception_class = ElementNotInteractableException\n        elif status in ErrorCode.INVALID_COOKIE_DOMAIN:\n            exception_class = InvalidCookieDomainException\n        elif status in ErrorCode.UNABLE_TO_SET_COOKIE:\n            exception_class = UnableToSetCookieException\n        elif status in ErrorCode.TIMEOUT:\n            exception_class = TimeoutException\n        elif status in ErrorCode.SCRIPT_TIMEOUT:\n            exception_class = TimeoutException\n        elif status in ErrorCode.UNKNOWN_ERROR:\n            exception_class = WebDriverException\n        elif status in ErrorCode.UNEXPECTED_ALERT_OPEN:\n            exception_class = UnexpectedAlertPresentException\n        elif status in ErrorCode.NO_ALERT_OPEN:\n            exception_class = NoAlertPresentException\n        elif status in ErrorCode.IME_NOT_AVAILABLE:\n            exception_class = ImeNotAvailableException\n        elif status in ErrorCode.IME_ENGINE_ACTIVATION_FAILED:\n            exception_class = ImeActivationFailedException\n        elif status in ErrorCode.MOVE_TARGET_OUT_OF_BOUNDS:\n            exception_class = MoveTargetOutOfBoundsException\n        elif status in ErrorCode.JAVASCRIPT_ERROR:\n            exception_class = JavascriptException\n        elif status in ErrorCode.SESSION_NOT_CREATED:\n            exception_class = SessionNotCreatedException\n        elif status in ErrorCode.INVALID_ARGUMENT:\n            exception_class = InvalidArgumentException\n        elif status in ErrorCode.NO_SUCH_COOKIE:\n            exception_class = NoSuchCookieException\n        elif status in ErrorCode.UNABLE_TO_CAPTURE_SCREEN:\n            exception_class = ScreenshotException\n        elif status in ErrorCode.ELEMENT_CLICK_INTERCEPTED:\n            exception_class = ElementClickInterceptedException\n        elif status in ErrorCode.INSECURE_CERTIFICATE:\n            exception_class = InsecureCertificateException\n        elif status in ErrorCode.INVALID_COORDINATES:\n            exception_class = InvalidCoordinatesException\n        elif status in ErrorCode.INVALID_SESSION_ID:\n            exception_class = InvalidSessionIdException\n        elif status in ErrorCode.UNKNOWN_METHOD:\n            exception_class = UnknownMethodException\n        else:\n            exception_class = WebDriverException\n        if not value:\n            value = response['value']\n        if isinstance(value, str):\n            raise exception_class(value)\n        if message == \"\" and 'message' in value:\n            message = value['message']\n    \n        screen = None  # type: ignore[assignment]\n        if 'screen' in value:\n            screen = value['screen']\n    \n        stacktrace = None\n        st_value = value.get('stackTrace') or value.get('stacktrace')\n        if st_value:\n            if isinstance(st_value, str):\n                stacktrace = st_value.split('\\n')\n            else:\n                stacktrace = []\n                try:\n                    for frame in st_value:\n                        line = self._value_or_default(frame, 'lineNumber', '')\n                        file = self._value_or_default(frame, 'fileName', '<anonymous>')\n                        if line:\n                            file = f\"{file}:{line}\"\n                        meth = self._value_or_default(frame, 'methodName', '<anonymous>')\n                        if 'className' in frame:\n                            meth = \"{}.{}\".format(frame['className'], meth)\n                        msg = \"    at %s (%s)\"\n                        msg = msg % (meth, file)\n                        stacktrace.append(msg)\n                except TypeError:\n                    pass\n        if exception_class == UnexpectedAlertPresentException:\n            alert_text = None\n            if 'data' in value:\n                alert_text = value['data'].get('text')\n            elif 'alert' in value:\n                alert_text = value['alert'].get('text')\n            raise exception_class(message, screen, stacktrace, alert_text)  # type: ignore[call-arg]  # mypy is not smart enough here\n>       raise exception_class(message, screen, stacktrace)\nE       selenium.common.exceptions.NoSuchElementException: Message: no such element: Unable to locate element: {\"method\":\"xpath\",\"selector\":\"//*[@id=\"octopus-dlp-asin-stream\"]/ul/li[1]\"}\nE         (Session info: headless chrome=104.0.5112.101)\nE       Stacktrace:\nE       #0 0x55e279139403 <unknown>\nE       #1 0x55e278f3f778 <unknown>\nE       #2 0x55e278f76c87 <unknown>\nE       #3 0x55e278f76e51 <unknown>\nE       #4 0x55e278fa9f24 <unknown>\nE       #5 0x55e278f94a2d <unknown>\nE       #6 0x55e278fa7c74 <unknown>\nE       #7 0x55e278f948f3 <unknown>\nE       #8 0x55e278f6a0d8 <unknown>\nE       #9 0x55e278f6b205 <unknown>\nE       #10 0x55e279180e3d <unknown>\nE       #11 0x55e279183db6 <unknown>\nE       #12 0x55e27916a13e <unknown>\nE       #13 0x55e2791849b5 <unknown>\nE       #14 0x55e27915e970 <unknown>\nE       #15 0x55e2791a1228 <unknown>\nE       #16 0x55e2791a13bf <unknown>\nE       #17 0x55e2791bbabe <unknown>\nE       #18 0x7f13384c7609 <unknown>\n\n/opt/hostedtoolcache/Python/3.10.6/x64/lib/python3.10/site-packages/selenium/webdriver/remote/errorhandler.py:247: NoSuchElementException","flaky":false,"newFailed":false,"newBroken":true,"newPassed":false,"retriesCount":0,"retriesStatusChange":false,"beforeStages":[{"name":"start_session","time":{"start":1661951262988,"stop":1661951265922,"duration":2934},"status":"passed","steps":[],"attachments":[],"parameters":[],"stepsCount":0,"attachmentsCount":0,"shouldDisplayMessage":false,"hasContent":false}],"testStage":{"status":"broken","statusMessage":"selenium.common.exceptions.NoSuchElementException: Message: no such element: Unable to locate element: {\"method\":\"xpath\",\"selector\":\"//*[@id=\"octopus-dlp-asin-stream\"]/ul/li[1]\"}\n  (Session info: headless chrome=104.0.5112.101)\nStacktrace:\n#0 0x55e279139403 <unknown>\n#1 0x55e278f3f778 <unknown>\n#2 0x55e278f76c87 <unknown>\n#3 0x55e278f76e51 <unknown>\n#4 0x55e278fa9f24 <unknown>\n#5 0x55e278f94a2d <unknown>\n#6 0x55e278fa7c74 <unknown>\n#7 0x55e278f948f3 <unknown>\n#8 0x55e278f6a0d8 <unknown>\n#9 0x55e278f6b205 <unknown>\n#10 0x55e279180e3d <unknown>\n#11 0x55e279183db6 <unknown>\n#12 0x55e27916a13e <unknown>\n#13 0x55e2791849b5 <unknown>\n#14 0x55e27915e970 <unknown>\n#15 0x55e2791a1228 <unknown>\n#16 0x55e2791a13bf <unknown>\n#17 0x55e2791bbabe <unknown>\n#18 0x7f13384c7609 <unknown>","statusTrace":"self = <tests_steps.TestScenario2 object at 0x7f088bb89300>\n\n    def test_scenario_2(self):\n        test_scenario_2 = Scenario_Two()\n        test_scenario_2.gotoTodaysDeals()\n        test_scenario_2.clickOnCategory()\n>       test_scenario_2.clickElement()\n\ntests/tests_steps.py:23: \n_ _ _ _ _ _ _ _ _ _ _ _ _ _ _ _ _ _ _ _ _ _ _ _ _ _ _ _ _ _ _ _ _ _ _ _ _ _ _ _ \npages/Scenario2.py:41: in clickElement\n    self.find_element(*self.locator_dictionary['buttonElements']).click()\npages/BasePage.py:14: in find_element\n    return self.browser.find_element(*loc)\n/opt/hostedtoolcache/Python/3.10.6/x64/lib/python3.10/site-packages/selenium/webdriver/remote/webdriver.py:857: in find_element\n    return self.execute(Command.FIND_ELEMENT, {\n/opt/hostedtoolcache/Python/3.10.6/x64/lib/python3.10/site-packages/selenium/webdriver/remote/webdriver.py:435: in execute\n    self.error_handler.check_response(response)\n_ _ _ _ _ _ _ _ _ _ _ _ _ _ _ _ _ _ _ _ _ _ _ _ _ _ _ _ _ _ _ _ _ _ _ _ _ _ _ _ \n\nself = <selenium.webdriver.remote.errorhandler.ErrorHandler object at 0x7f088bb89c30>\nresponse = {'status': 404, 'value': '{\"value\":{\"error\":\"no such element\",\"message\":\"no such element: Unable to locate element: {\\...\\\\n#16 0x55e2791a13bf \\\\u003Cunknown>\\\\n#17 0x55e2791bbabe \\\\u003Cunknown>\\\\n#18 0x7f13384c7609 \\\\u003Cunknown>\\\\n\"}}'}\n\n    def check_response(self, response: Dict[str, Any]) -> None:\n        \"\"\"\n        Checks that a JSON response from the WebDriver does not have an error.\n    \n        :Args:\n         - response - The JSON response from the WebDriver server as a dictionary\n           object.\n    \n        :Raises: If the response contains an error message.\n        \"\"\"\n        status = response.get('status', None)\n        if not status or status == ErrorCode.SUCCESS:\n            return\n        value = None\n        message = response.get(\"message\", \"\")\n        screen: str = response.get(\"screen\", \"\")\n        stacktrace = None\n        if isinstance(status, int):\n            value_json = response.get('value', None)\n            if value_json and isinstance(value_json, str):\n                import json\n                try:\n                    value = json.loads(value_json)\n                    if len(value.keys()) == 1:\n                        value = value['value']\n                    status = value.get('error', None)\n                    if not status:\n                        status = value.get(\"status\", ErrorCode.UNKNOWN_ERROR)\n                        message = value.get(\"value\") or value.get(\"message\")\n                        if not isinstance(message, str):\n                            value = message\n                            message = message.get('message')\n                    else:\n                        message = value.get('message', None)\n                except ValueError:\n                    pass\n    \n        exception_class: Type[WebDriverException]\n        if status in ErrorCode.NO_SUCH_ELEMENT:\n            exception_class = NoSuchElementException\n        elif status in ErrorCode.NO_SUCH_FRAME:\n            exception_class = NoSuchFrameException\n        elif status in ErrorCode.NO_SUCH_SHADOW_ROOT:\n            exception_class = NoSuchShadowRootException\n        elif status in ErrorCode.NO_SUCH_WINDOW:\n            exception_class = NoSuchWindowException\n        elif status in ErrorCode.STALE_ELEMENT_REFERENCE:\n            exception_class = StaleElementReferenceException\n        elif status in ErrorCode.ELEMENT_NOT_VISIBLE:\n            exception_class = ElementNotVisibleException\n        elif status in ErrorCode.INVALID_ELEMENT_STATE:\n            exception_class = InvalidElementStateException\n        elif status in ErrorCode.INVALID_SELECTOR \\\n                or status in ErrorCode.INVALID_XPATH_SELECTOR \\\n                or status in ErrorCode.INVALID_XPATH_SELECTOR_RETURN_TYPER:\n            exception_class = InvalidSelectorException\n        elif status in ErrorCode.ELEMENT_IS_NOT_SELECTABLE:\n            exception_class = ElementNotSelectableException\n        elif status in ErrorCode.ELEMENT_NOT_INTERACTABLE:\n            exception_class = ElementNotInteractableException\n        elif status in ErrorCode.INVALID_COOKIE_DOMAIN:\n            exception_class = InvalidCookieDomainException\n        elif status in ErrorCode.UNABLE_TO_SET_COOKIE:\n            exception_class = UnableToSetCookieException\n        elif status in ErrorCode.TIMEOUT:\n            exception_class = TimeoutException\n        elif status in ErrorCode.SCRIPT_TIMEOUT:\n            exception_class = TimeoutException\n        elif status in ErrorCode.UNKNOWN_ERROR:\n            exception_class = WebDriverException\n        elif status in ErrorCode.UNEXPECTED_ALERT_OPEN:\n            exception_class = UnexpectedAlertPresentException\n        elif status in ErrorCode.NO_ALERT_OPEN:\n            exception_class = NoAlertPresentException\n        elif status in ErrorCode.IME_NOT_AVAILABLE:\n            exception_class = ImeNotAvailableException\n        elif status in ErrorCode.IME_ENGINE_ACTIVATION_FAILED:\n            exception_class = ImeActivationFailedException\n        elif status in ErrorCode.MOVE_TARGET_OUT_OF_BOUNDS:\n            exception_class = MoveTargetOutOfBoundsException\n        elif status in ErrorCode.JAVASCRIPT_ERROR:\n            exception_class = JavascriptException\n        elif status in ErrorCode.SESSION_NOT_CREATED:\n            exception_class = SessionNotCreatedException\n        elif status in ErrorCode.INVALID_ARGUMENT:\n            exception_class = InvalidArgumentException\n        elif status in ErrorCode.NO_SUCH_COOKIE:\n            exception_class = NoSuchCookieException\n        elif status in ErrorCode.UNABLE_TO_CAPTURE_SCREEN:\n            exception_class = ScreenshotException\n        elif status in ErrorCode.ELEMENT_CLICK_INTERCEPTED:\n            exception_class = ElementClickInterceptedException\n        elif status in ErrorCode.INSECURE_CERTIFICATE:\n            exception_class = InsecureCertificateException\n        elif status in ErrorCode.INVALID_COORDINATES:\n            exception_class = InvalidCoordinatesException\n        elif status in ErrorCode.INVALID_SESSION_ID:\n            exception_class = InvalidSessionIdException\n        elif status in ErrorCode.UNKNOWN_METHOD:\n            exception_class = UnknownMethodException\n        else:\n            exception_class = WebDriverException\n        if not value:\n            value = response['value']\n        if isinstance(value, str):\n            raise exception_class(value)\n        if message == \"\" and 'message' in value:\n            message = value['message']\n    \n        screen = None  # type: ignore[assignment]\n        if 'screen' in value:\n            screen = value['screen']\n    \n        stacktrace = None\n        st_value = value.get('stackTrace') or value.get('stacktrace')\n        if st_value:\n            if isinstance(st_value, str):\n                stacktrace = st_value.split('\\n')\n            else:\n                stacktrace = []\n                try:\n                    for frame in st_value:\n                        line = self._value_or_default(frame, 'lineNumber', '')\n                        file = self._value_or_default(frame, 'fileName', '<anonymous>')\n                        if line:\n                            file = f\"{file}:{line}\"\n                        meth = self._value_or_default(frame, 'methodName', '<anonymous>')\n                        if 'className' in frame:\n                            meth = \"{}.{}\".format(frame['className'], meth)\n                        msg = \"    at %s (%s)\"\n                        msg = msg % (meth, file)\n                        stacktrace.append(msg)\n                except TypeError:\n                    pass\n        if exception_class == UnexpectedAlertPresentException:\n            alert_text = None\n            if 'data' in value:\n                alert_text = value['data'].get('text')\n            elif 'alert' in value:\n                alert_text = value['alert'].get('text')\n            raise exception_class(message, screen, stacktrace, alert_text)  # type: ignore[call-arg]  # mypy is not smart enough here\n>       raise exception_class(message, screen, stacktrace)\nE       selenium.common.exceptions.NoSuchElementException: Message: no such element: Unable to locate element: {\"method\":\"xpath\",\"selector\":\"//*[@id=\"octopus-dlp-asin-stream\"]/ul/li[1]\"}\nE         (Session info: headless chrome=104.0.5112.101)\nE       Stacktrace:\nE       #0 0x55e279139403 <unknown>\nE       #1 0x55e278f3f778 <unknown>\nE       #2 0x55e278f76c87 <unknown>\nE       #3 0x55e278f76e51 <unknown>\nE       #4 0x55e278fa9f24 <unknown>\nE       #5 0x55e278f94a2d <unknown>\nE       #6 0x55e278fa7c74 <unknown>\nE       #7 0x55e278f948f3 <unknown>\nE       #8 0x55e278f6a0d8 <unknown>\nE       #9 0x55e278f6b205 <unknown>\nE       #10 0x55e279180e3d <unknown>\nE       #11 0x55e279183db6 <unknown>\nE       #12 0x55e27916a13e <unknown>\nE       #13 0x55e2791849b5 <unknown>\nE       #14 0x55e27915e970 <unknown>\nE       #15 0x55e2791a1228 <unknown>\nE       #16 0x55e2791a13bf <unknown>\nE       #17 0x55e2791bbabe <unknown>\nE       #18 0x7f13384c7609 <unknown>\n\n/opt/hostedtoolcache/Python/3.10.6/x64/lib/python3.10/site-packages/selenium/webdriver/remote/errorhandler.py:247: NoSuchElementException","steps":[{"name":"Go to Today's Deals","time":{"start":1661951265922,"stop":1661951270331,"duration":4409},"status":"passed","steps":[],"attachments":[],"parameters":[],"stepsCount":0,"attachmentsCount":0,"shouldDisplayMessage":false,"hasContent":false},{"name":"Click on 2nd category","time":{"start":1661951270331,"stop":1661951274506,"duration":4175},"status":"passed","steps":[],"attachments":[],"parameters":[],"stepsCount":0,"attachmentsCount":0,"shouldDisplayMessage":false,"hasContent":false},{"name":"Click Element","time":{"start":1661951274506,"stop":1661951294519,"duration":20013},"status":"broken","statusMessage":"selenium.common.exceptions.NoSuchElementException: Message: no such element: Unable to locate element: {\"method\":\"xpath\",\"selector\":\"//*[@id=\"octopus-dlp-asin-stream\"]/ul/li[1]\"}\n  (Session info: headless chrome=104.0.5112.101)\nStacktrace:\n#0 0x55e279139403 <unknown>\n#1 0x55e278f3f778 <unknown>\n#2 0x55e278f76c87 <unknown>\n#3 0x55e278f76e51 <unknown>\n#4 0x55e278fa9f24 <unknown>\n#5 0x55e278f94a2d <unknown>\n#6 0x55e278fa7c74 <unknown>\n#7 0x55e278f948f3 <unknown>\n#8 0x55e278f6a0d8 <unknown>\n#9 0x55e278f6b205 <unknown>\n#10 0x55e279180e3d <unknown>\n#11 0x55e279183db6 <unknown>\n#12 0x55e27916a13e <unknown>\n#13 0x55e2791849b5 <unknown>\n#14 0x55e27915e970 <unknown>\n#15 0x55e2791a1228 <unknown>\n#16 0x55e2791a13bf <unknown>\n#17 0x55e2791bbabe <unknown>\n#18 0x7f13384c7609 <unknown>\n\n","statusTrace":"  File \"/opt/hostedtoolcache/Python/3.10.6/x64/lib/python3.10/site-packages/allure_commons/_allure.py\", line 172, in impl\n    return func(*a, **kw)\n  File \"/home/runner/work/autotetsamazon/autotetsamazon/pages/Scenario2.py\", line 41, in clickElement\n    self.find_element(*self.locator_dictionary['buttonElements']).click()\n  File \"/home/runner/work/autotetsamazon/autotetsamazon/pages/BasePage.py\", line 14, in find_element\n    return self.browser.find_element(*loc)\n  File \"/opt/hostedtoolcache/Python/3.10.6/x64/lib/python3.10/site-packages/selenium/webdriver/remote/webdriver.py\", line 857, in find_element\n    return self.execute(Command.FIND_ELEMENT, {\n  File \"/opt/hostedtoolcache/Python/3.10.6/x64/lib/python3.10/site-packages/selenium/webdriver/remote/webdriver.py\", line 435, in execute\n    self.error_handler.check_response(response)\n  File \"/opt/hostedtoolcache/Python/3.10.6/x64/lib/python3.10/site-packages/selenium/webdriver/remote/errorhandler.py\", line 247, in check_response\n    raise exception_class(message, screen, stacktrace)\n","steps":[],"attachments":[],"parameters":[],"stepsCount":0,"attachmentsCount":0,"shouldDisplayMessage":true,"hasContent":true}],"attachments":[{"uid":"ebd8485199f5193d","name":"Current URL","source":"ebd8485199f5193d.uri","type":"text/uri-list","size":22},{"uid":"e697a145f5b19049","name":"Screenshot","source":"e697a145f5b19049.png","type":"image/png","size":704034}],"parameters":[],"stepsCount":3,"attachmentsCount":2,"shouldDisplayMessage":true,"hasContent":true},"afterStages":[{"name":"start_session::0","time":{"start":1661951294864,"stop":1661951294936,"duration":72},"status":"passed","steps":[],"attachments":[],"parameters":[],"stepsCount":0,"attachmentsCount":0,"shouldDisplayMessage":false,"hasContent":false}],"labels":[{"name":"tag","value":"@pytest.mark.usefixtures('start_session')"},{"name":"parentSuite","value":"tests"},{"name":"suite","value":"tests_steps"},{"name":"subSuite","value":"TestScenario2"},{"name":"host","value":"fv-az99-79"},{"name":"thread","value":"2303-MainThread"},{"name":"framework","value":"pytest"},{"name":"language","value":"cpython3"},{"name":"package","value":"tests.tests_steps"},{"name":"resultFormat","value":"allure2"}],"parameters":[],"links":[],"hidden":false,"retry":false,"extra":{"severity":"normal","retries":[],"categories":[{"name":"Test defects","matchedStatuses":[],"flaky":false}],"history":{"statistic":{"failed":0,"broken":3,"skipped":0,"passed":5,"unknown":0,"total":8},"items":[{"uid":"7faa523917efc565","reportUrl":"https://Spirlhark.github.io/autotetsamazon/6//#testresult/7faa523917efc565","status":"passed","time":{"start":1659594348967,"stop":1659594355885,"duration":6918}},{"uid":"a2102d978eb63839","reportUrl":"https://Spirlhark.github.io/autotetsamazon/6//#testresult/a2102d978eb63839","status":"passed","time":{"start":1659522390806,"stop":1659522398660,"duration":7854}},{"uid":"77ac176f167f20aa","reportUrl":"https://Spirlhark.github.io/autotetsamazon/4//#testresult/77ac176f167f20aa","status":"passed","time":{"start":1659511866513,"stop":1659511873348,"duration":6835}},{"uid":"2623420f21665d14","reportUrl":"https://Spirlhark.github.io/autotetsamazon/3//#testresult/2623420f21665d14","status":"passed","time":{"start":1659468851229,"stop":1659468861979,"duration":10750}},{"uid":"5c8e52117e7c5258","reportUrl":"https://Spirlhark.github.io/autotetsamazon/3//#testresult/5c8e52117e7c5258","status":"passed","time":{"start":1659460415794,"stop":1659460423496,"duration":7702}},{"uid":"2d104cf8725fe75b","reportUrl":"https://Spirlhark.github.io/autotetsamazon/2//#testresult/2d104cf8725fe75b","status":"broken","statusDetails":"selenium.common.exceptions.WebDriverException: Message: unknown error: Chrome failed to start: exited abnormally.\n  (unknown error: DevToolsActivePort file doesn't exist)\n  (The process started from chrome location /usr/bin/google-chrome is no longer running, so ChromeDriver is assuming that Chrome has crashed.)\nStacktrace:\n#0 0x5649fd950cd3 <unknown>\n#1 0x5649fd758968 <unknown>\n#2 0x5649fd77d25c <unknown>\n#3 0x5649fd7788fa <unknown>\n#4 0x5649fd7b394a <unknown>\n#5 0x5649fd7adaa3 <unknown>\n#6 0x5649fd7833fa <unknown>\n#7 0x5649fd784555 <unknown>\n#8 0x5649fd9982bd <unknown>\n#9 0x5649fd99c418 <unknown>\n#10 0x5649fd98236e <unknown>\n#11 0x5649fd99d078 <unknown>\n#12 0x5649fd976bb0 <unknown>\n#13 0x5649fd9b9d58 <unknown>\n#14 0x5649fd9b9ed8 <unknown>\n#15 0x5649fd9d3cfd <unknown>\n#16 0x7f369246f609 <unknown>","time":{"start":1659439729974,"stop":1659439729974,"duration":0}},{"uid":"18435d6c89c3d559","reportUrl":"https://Spirlhark.github.io/autotetsamazon/1//#testresult/18435d6c89c3d559","status":"broken","statusDetails":"selenium.common.exceptions.WebDriverException: Message: unknown error: Chrome failed to start: exited abnormally.\n  (unknown error: DevToolsActivePort file doesn't exist)\n  (The process started from chrome location /usr/bin/google-chrome is no longer running, so ChromeDriver is assuming that Chrome has crashed.)\nStacktrace:\n#0 0x561f04302cd3 <unknown>\n#1 0x561f0410a968 <unknown>\n#2 0x561f0412f25c <unknown>\n#3 0x561f0412a8fa <unknown>\n#4 0x561f0416594a <unknown>\n#5 0x561f0415faa3 <unknown>\n#6 0x561f041353fa <unknown>\n#7 0x561f04136555 <unknown>\n#8 0x561f0434a2bd <unknown>\n#9 0x561f0434e418 <unknown>\n#10 0x561f0433436e <unknown>\n#11 0x561f0434f078 <unknown>\n#12 0x561f04328bb0 <unknown>\n#13 0x561f0436bd58 <unknown>\n#14 0x561f0436bed8 <unknown>\n#15 0x561f04385cfd <unknown>\n#16 0x7f953519f609 <unknown>","time":{"start":1659438873995,"stop":1659438873995,"duration":0}}]},"tags":["@pytest.mark.usefixtures('start_session')"]},"source":"590772b94e7112cd.json","parameterValues":[]}